{"level":50,"time":1675650489368,"pid":77929,"hostname":"Aidans-MacBook-Pro.local","msg":"❌ [API] LOGIN did not run as expected!"}
{"level":50,"time":1675650683841,"pid":78096,"hostname":"Aidans-MacBook-Pro.local","msg":"❌ [API] LOGIN did not run as expected!"}
{"level":50,"time":1675653761521,"pid":79579,"hostname":"Aidans-MacBook-Pro.local","msg":"❌ [API] LOGIN did not run as expected!"}
{"level":50,"time":1675653953574,"pid":79913,"hostname":"Aidans-MacBook-Pro.local","msg":"❌ [API] LOGIN did not run as expected!"}
{"level":50,"time":1675654085460,"pid":80199,"hostname":"Aidans-MacBook-Pro.local","msg":"❌ [API] LOGIN did not run as expected!"}
{"level":50,"time":1675654169516,"pid":80314,"hostname":"Aidans-MacBook-Pro.local","msg":"❌ [API] LOGIN did not run as expected!"}
{"level":50,"time":1675654520719,"pid":80792,"hostname":"Aidans-MacBook-Pro.local","msg":"❌ [API] LOGIN did not run as expected!"}
{"level":50,"time":1675654571055,"pid":80883,"hostname":"Aidans-MacBook-Pro.local","msg":"❌ [API] LOGIN did not run as expected!"}
{"level":50,"time":1675654587791,"pid":80929,"hostname":"Aidans-MacBook-Pro.local","msg":"❌ [API] LOGIN did not run as expected!"}
{"level":50,"time":1675654597917,"pid":80972,"hostname":"Aidans-MacBook-Pro.local","msg":"❌ [API] LOGIN did not run as expected!"}
{"level":50,"time":1675654625787,"pid":81022,"hostname":"Aidans-MacBook-Pro.local","msg":"❌ [API] LOGIN did not run as expected!"}
{"level":50,"time":1675654692003,"pid":81098,"hostname":"Aidans-MacBook-Pro.local","msg":"❌ [API] LOGIN did not run as expected!"}
{"level":50,"time":1675654867293,"pid":81375,"hostname":"Aidans-MacBook-Pro.local","msg":"❌ [API] LOGIN did not run as expected!"}
{"level":50,"time":1675655477866,"pid":82009,"hostname":"Aidans-MacBook-Pro.local","msg":"❌ [API] LOGIN did not run as expected!"}
{"level":50,"time":1675656659169,"pid":83195,"hostname":"Aidans-MacBook-Pro.local","msg":"❌ [API] LOGIN did not run as expected!"}
{"level":50,"time":1675657129335,"pid":83849,"hostname":"Aidans-MacBook-Pro.local","msg":"❌ [API] LOGIN did not run as expected!"}
{"level":50,"time":1675657180805,"pid":83910,"hostname":"Aidans-MacBook-Pro.local","msg":"❌ [API] LOGIN did not run as expected!"}
{"level":50,"time":1675657261133,"pid":84033,"hostname":"Aidans-MacBook-Pro.local","msg":"❌ [API] LOGIN did not run as expected!"}
{"level":50,"time":1675657277603,"pid":84072,"hostname":"Aidans-MacBook-Pro.local","msg":"❌ [API] LOGIN did not run as expected!"}
{"level":50,"time":1675657291363,"pid":84102,"hostname":"Aidans-MacBook-Pro.local","msg":"❌ [API] LOGIN did not run as expected!"}
{"level":50,"time":1675657523727,"pid":84419,"hostname":"Aidans-MacBook-Pro.local","msg":"❌ [API] LOGIN did not run as expected!"}
{"level":50,"time":1675657559190,"pid":84463,"hostname":"Aidans-MacBook-Pro.local","msg":"❌ [API] LOGIN did not run as expected!"}
{"level":50,"time":1675657590298,"pid":84516,"hostname":"Aidans-MacBook-Pro.local","msg":"❌ [API] LOGIN did not run as expected!"}
{"level":50,"time":1675657626017,"pid":84563,"hostname":"Aidans-MacBook-Pro.local","msg":"❌ [API] LOGIN did not run as expected!"}
{"level":50,"time":1675657782900,"pid":84708,"hostname":"Aidans-MacBook-Pro.local","msg":"❌ [API] LOGIN did not run as expected!"}
{"level":50,"time":1675657849637,"pid":84781,"hostname":"Aidans-MacBook-Pro.local","msg":"❌ [API] LOGIN did not run as expected!"}
{"level":50,"time":1675658599495,"pid":85181,"hostname":"Aidans-MacBook-Pro.local","msg":"❌ [API] LOGIN did not run as expected!"}
{"level":50,"time":1675658759332,"pid":85319,"hostname":"Aidans-MacBook-Pro.local","msg":"❌ [API] LOGIN did not run as expected!"}
{"level":50,"time":1675658776758,"pid":85350,"hostname":"Aidans-MacBook-Pro.local","msg":"❌ [API] LOGIN did not run as expected!"}
{"level":50,"time":1675658781956,"pid":85371,"hostname":"Aidans-MacBook-Pro.local","msg":"❌ [API] LOGIN did not run as expected!"}
{"level":50,"time":1675658808689,"pid":85409,"hostname":"Aidans-MacBook-Pro.local","msg":"❌ [API] LOGIN did not run as expected!"}
{"level":50,"time":1675658831902,"pid":85455,"hostname":"Aidans-MacBook-Pro.local","msg":"❌ [API] LOGIN did not run as expected!"}
{"level":50,"time":1675658862889,"pid":85496,"hostname":"Aidans-MacBook-Pro.local","msg":"❌ [API] LOGIN did not run as expected!"}
{"level":50,"time":1675658885897,"pid":85547,"hostname":"Aidans-MacBook-Pro.local","msg":"❌ [API] LOGIN did not run as expected!"}
{"level":50,"time":1675658922068,"pid":85586,"hostname":"Aidans-MacBook-Pro.local","msg":"❌ [API] LOGIN did not run as expected!"}
{"level":50,"time":1675659000731,"pid":85688,"hostname":"Aidans-MacBook-Pro.local","msg":"❌ [API] LOGIN did not run as expected!"}
{"level":50,"time":1675659199411,"pid":85834,"hostname":"Aidans-MacBook-Pro.local","msg":"❌ [API] LOGIN did not run as expected!"}
{"level":50,"time":1675659306751,"pid":85960,"hostname":"Aidans-MacBook-Pro.local","msg":"❌ [API] LOGIN did not run as expected!"}
{"level":50,"time":1675659761184,"pid":86318,"hostname":"Aidans-MacBook-Pro.local","msg":"❌ [API] LOGIN did not run as expected!"}
{"level":50,"time":1675666790637,"pid":89388,"hostname":"Aidans-MacBook-Pro.local","msg":"❌ [API] LOGIN did not run as expected!"}
{"level":50,"time":1675666805406,"pid":89420,"hostname":"Aidans-MacBook-Pro.local","msg":"❌ [API] LOGIN did not run as expected!"}
{"level":50,"time":1675666887715,"pid":89497,"hostname":"Aidans-MacBook-Pro.local","msg":"❌ [API] LOGIN did not run as expected!"}
{"level":50,"time":1675666911977,"pid":89537,"hostname":"Aidans-MacBook-Pro.local","msg":"❌ [API] LOGIN did not run as expected!"}
{"level":50,"time":1675667219642,"pid":89895,"hostname":"Aidans-MacBook-Pro.local","msg":"❌ [API] LOGIN did not run as expected!"}
{"level":50,"time":1675667277381,"pid":89959,"hostname":"Aidans-MacBook-Pro.local","msg":"❌ [API] LOGIN did not run as expected!"}
{"level":50,"time":1675667334248,"pid":90079,"hostname":"Aidans-MacBook-Pro.local","msg":"❌ [API] LOGIN did not run as expected!"}
{"level":50,"time":1675667378504,"pid":90132,"hostname":"Aidans-MacBook-Pro.local","msg":"❌ [API] LOGIN did not run as expected!"}
{"level":50,"time":1675667628247,"pid":90319,"hostname":"Aidans-MacBook-Pro.local","msg":"❌ [API] LOGIN did not run as expected!"}
{"level":50,"time":1675667661956,"pid":90392,"hostname":"Aidans-MacBook-Pro.local","msg":"❌ [API] LOGIN did not run as expected!"}
{"level":50,"time":1675667684408,"pid":90437,"hostname":"Aidans-MacBook-Pro.local","msg":"❌ [API] LOGIN did not run as expected!"}
{"level":50,"time":1675667775218,"pid":90537,"hostname":"Aidans-MacBook-Pro.local","msg":"❌ [API] LOGIN did not run as expected!"}
{"level":50,"time":1675667859394,"pid":90679,"hostname":"Aidans-MacBook-Pro.local","msg":"❌ [API] LOGIN did not run as expected!"}
{"level":50,"time":1675668077071,"pid":91025,"hostname":"Aidans-MacBook-Pro.local","msg":"❌ [API] LOGIN did not run as expected!"}
{"level":50,"time":1675668108251,"pid":91086,"hostname":"Aidans-MacBook-Pro.local","msg":"❌ [API] LOGIN did not run as expected!"}
{"level":50,"time":1675668125701,"pid":91146,"hostname":"Aidans-MacBook-Pro.local","msg":"❌ [API] LOGIN did not run as expected!"}
{"level":50,"time":1675668201817,"pid":91308,"hostname":"Aidans-MacBook-Pro.local","msg":"❌ [API] LOGIN did not run as expected!"}
{"level":50,"time":1675668210723,"pid":91337,"hostname":"Aidans-MacBook-Pro.local","msg":"❌ [API] LOGIN did not run as expected!"}
{"level":50,"time":1675668234384,"pid":91380,"hostname":"Aidans-MacBook-Pro.local","msg":"❌ [API] LOGIN did not run as expected!"}
{"level":50,"time":1675668290236,"pid":91439,"hostname":"Aidans-MacBook-Pro.local","msg":"❌ [API] LOGIN did not run as expected!"}
{"level":50,"time":1675668297788,"pid":91462,"hostname":"Aidans-MacBook-Pro.local","msg":"❌ [API] LOGIN did not run as expected!"}
{"level":50,"time":1675668324524,"pid":91510,"hostname":"Aidans-MacBook-Pro.local","msg":"❌ [API] LOGIN did not run as expected!"}
{"level":50,"time":1675668349852,"pid":91567,"hostname":"Aidans-MacBook-Pro.local","msg":"❌ [API] LOGIN did not run as expected!"}
{"level":50,"time":1675668459858,"pid":91668,"hostname":"Aidans-MacBook-Pro.local","msg":"❌ [API] LOGIN did not run as expected!"}
{"level":50,"time":1675668507811,"pid":91726,"hostname":"Aidans-MacBook-Pro.local","msg":"❌ [API] LOGIN did not run as expected!"}
{"level":50,"time":1675668535396,"pid":91819,"hostname":"Aidans-MacBook-Pro.local","msg":"❌ [API] LOGIN did not run as expected!"}
{"level":50,"time":1675668681083,"pid":92024,"hostname":"Aidans-MacBook-Pro.local","msg":"❌ [API] LOGIN did not run as expected!"}
{"level":50,"time":1675668736790,"pid":92119,"hostname":"Aidans-MacBook-Pro.local","msg":"❌ [API] LOGIN did not run as expected!"}
{"level":50,"time":1675668773213,"pid":92204,"hostname":"Aidans-MacBook-Pro.local","msg":"❌ [API] LOGIN did not run as expected!"}
{"level":50,"time":1675668794674,"pid":92245,"hostname":"Aidans-MacBook-Pro.local","msg":"❌ [API] LOGIN did not run as expected!"}
{"level":50,"time":1675668800777,"pid":92266,"hostname":"Aidans-MacBook-Pro.local","msg":"❌ [API] LOGIN did not run as expected!"}
{"level":50,"time":1675668834533,"pid":92322,"hostname":"Aidans-MacBook-Pro.local","msg":"❌ [API] LOGIN did not run as expected!"}
{"level":50,"time":1675668865935,"pid":92410,"hostname":"Aidans-MacBook-Pro.local","msg":"❌ [API] LOGIN did not run as expected!"}
{"level":50,"time":1675668882764,"pid":92448,"hostname":"Aidans-MacBook-Pro.local","msg":"❌ [API] LOGIN did not run as expected!"}
{"level":50,"time":1675668944746,"pid":92538,"hostname":"Aidans-MacBook-Pro.local","msg":"❌ [API] LOGIN did not run as expected!"}
{"level":50,"time":1675668955034,"pid":92570,"hostname":"Aidans-MacBook-Pro.local","msg":"❌ [API] LOGIN did not run as expected!"}
{"level":50,"time":1675668986497,"pid":92614,"hostname":"Aidans-MacBook-Pro.local","msg":"❌ [API] LOGIN did not run as expected!"}
{"level":50,"time":1675669257512,"pid":93008,"hostname":"Aidans-MacBook-Pro.local","msg":"❌ [API] LOGIN did not run as expected!"}
{"level":50,"time":1675669288381,"pid":93293,"hostname":"Aidans-MacBook-Pro.local","msg":"❌ [API] LOGIN did not run as expected!"}
{"level":50,"time":1675669339305,"pid":93370,"hostname":"Aidans-MacBook-Pro.local","msg":"❌ [API] LOGIN did not run as expected!"}
{"level":50,"time":1675669407195,"pid":93446,"hostname":"Aidans-MacBook-Pro.local","msg":"❌ [API] LOGIN did not run as expected!"}
{"level":50,"time":1675669420949,"pid":93480,"hostname":"Aidans-MacBook-Pro.local","msg":"❌ [API] LOGIN did not run as expected!"}
{"level":50,"time":1675669434259,"pid":93516,"hostname":"Aidans-MacBook-Pro.local","msg":"❌ [API] LOGIN did not run as expected!"}
{"level":50,"time":1675669450106,"pid":93562,"hostname":"Aidans-MacBook-Pro.local","msg":"❌ [API] LOGIN did not run as expected!"}
{"level":50,"time":1675669467488,"pid":93611,"hostname":"Aidans-MacBook-Pro.local","msg":"❌ [API] LOGIN did not run as expected!"}
{"level":50,"time":1675669531328,"pid":93667,"hostname":"Aidans-MacBook-Pro.local","msg":"❌ [API] LOGIN did not run as expected!"}
{"level":50,"time":1675669593708,"pid":93750,"hostname":"Aidans-MacBook-Pro.local","msg":"❌ [API] LOGIN did not run as expected!"}
{"level":50,"time":1675669615311,"pid":93804,"hostname":"Aidans-MacBook-Pro.local","msg":"❌ [API] LOGIN did not run as expected!"}
{"level":50,"time":1675669658533,"pid":93890,"hostname":"Aidans-MacBook-Pro.local","msg":"❌ [API] LOGIN did not run as expected!"}
{"level":50,"time":1675669690387,"pid":93934,"hostname":"Aidans-MacBook-Pro.local","msg":"❌ [API] LOGIN did not run as expected!"}
{"level":50,"time":1675669703826,"pid":93971,"hostname":"Aidans-MacBook-Pro.local","msg":"❌ [API] LOGIN did not run as expected!"}
{"level":50,"time":1675669909838,"pid":94404,"hostname":"Aidans-MacBook-Pro.local","msg":"❌ [API] LOGIN did not run as expected!"}
{"level":50,"time":1675669910297,"pid":94409,"hostname":"Aidans-MacBook-Pro.local","msg":"❌ [API] REFRESH  did not run as expected!"}
{"level":50,"time":1675669941549,"pid":94470,"hostname":"Aidans-MacBook-Pro.local","msg":"❌ [API] LOGIN did not run as expected!"}
{"level":50,"time":1675669942280,"pid":94474,"hostname":"Aidans-MacBook-Pro.local","msg":"❌ [API] REFRESH  did not run as expected!"}
{"level":50,"time":1675669957348,"pid":94508,"hostname":"Aidans-MacBook-Pro.local","msg":"❌ [API] LOGIN did not run as expected!"}
{"level":50,"time":1675669958067,"pid":94513,"hostname":"Aidans-MacBook-Pro.local","msg":"❌ [API] REFRESH  did not run as expected!"}
{"level":50,"time":1675669974785,"pid":94548,"hostname":"Aidans-MacBook-Pro.local","msg":"❌ [API] REFRESH  did not run as expected!"}
{"level":50,"time":1675670113908,"pid":94806,"hostname":"Aidans-MacBook-Pro.local","msg":"❌ [API] LOGIN FAILED did not run as expected!"}
{"level":50,"time":1675670114387,"pid":94808,"hostname":"Aidans-MacBook-Pro.local","msg":"❌ [API] LOGIN FAILED USER NOT EXIST did not run as expected!"}
{"level":50,"time":1675670151406,"pid":94868,"hostname":"Aidans-MacBook-Pro.local","msg":"❌ [API] LOGIN FAILED did not run as expected!"}
{"level":50,"time":1675670151900,"pid":94872,"hostname":"Aidans-MacBook-Pro.local","msg":"❌ [API] LOGIN FAILED USER NOT EXIST did not run as expected!"}
{"level":50,"time":1675670294136,"pid":95077,"hostname":"Aidans-MacBook-Pro.local","msg":"❌ [API] LOGIN 2 did not run as expected!"}
{"level":50,"time":1675670294597,"pid":95081,"hostname":"Aidans-MacBook-Pro.local","msg":"❌ [API] REFRESH  did not run as expected!"}
{"level":50,"time":1675670295080,"pid":95083,"hostname":"Aidans-MacBook-Pro.local","msg":"❌ [API] LOGIN FAILED did not run as expected!"}
{"level":50,"time":1675670295524,"pid":95085,"hostname":"Aidans-MacBook-Pro.local","msg":"❌ [API] LOGIN FAILED USER NOT EXIST did not run as expected!"}
{"level":50,"time":1675670323169,"pid":95125,"hostname":"Aidans-MacBook-Pro.local","msg":"❌ [API] LOGIN 2 did not run as expected!"}
{"level":50,"time":1675670323625,"pid":95129,"hostname":"Aidans-MacBook-Pro.local","msg":"❌ [API] REFRESH  did not run as expected!"}
{"level":50,"time":1675670324095,"pid":95131,"hostname":"Aidans-MacBook-Pro.local","msg":"❌ [API] LOGIN FAILED did not run as expected!"}
{"level":50,"time":1675670324568,"pid":95133,"hostname":"Aidans-MacBook-Pro.local","msg":"❌ [API] LOGIN FAILED USER NOT EXIST did not run as expected!"}
{"level":50,"time":1675670360519,"pid":95200,"hostname":"Aidans-MacBook-Pro.local","msg":"❌ [API] LOGIN 2 did not run as expected!"}
{"level":50,"time":1675670360985,"pid":95203,"hostname":"Aidans-MacBook-Pro.local","msg":"❌ [API] REFRESH  did not run as expected!"}
{"level":50,"time":1675670361430,"pid":95207,"hostname":"Aidans-MacBook-Pro.local","msg":"❌ [API] LOGIN FAILED did not run as expected!"}
{"level":50,"time":1675670361876,"pid":95209,"hostname":"Aidans-MacBook-Pro.local","msg":"❌ [API] LOGIN FAILED USER NOT EXIST did not run as expected!"}
{"level":50,"time":1675670447847,"pid":95411,"hostname":"Aidans-MacBook-Pro.local","msg":"❌ [API] LOGIN 2 did not run as expected!"}
{"level":50,"time":1675670448315,"pid":95415,"hostname":"Aidans-MacBook-Pro.local","msg":"❌ [API] REFRESH  did not run as expected!"}
{"level":50,"time":1675670448767,"pid":95419,"hostname":"Aidans-MacBook-Pro.local","msg":"❌ [API] LOGIN FAILED did not run as expected!"}
{"level":50,"time":1675670449215,"pid":95422,"hostname":"Aidans-MacBook-Pro.local","msg":"❌ [API] LOGIN FAILED USER NOT EXIST did not run as expected!"}
{"level":50,"time":1675670488578,"pid":95469,"hostname":"Aidans-MacBook-Pro.local","msg":"❌ [API] LOGIN 2 did not run as expected!"}
{"level":50,"time":1675670489099,"pid":95480,"hostname":"Aidans-MacBook-Pro.local","msg":"❌ [API] REFRESH  did not run as expected!"}
{"level":50,"time":1675670489635,"pid":95483,"hostname":"Aidans-MacBook-Pro.local","msg":"❌ [API] LOGIN FAILED did not run as expected!"}
{"level":50,"time":1675670490350,"pid":95485,"hostname":"Aidans-MacBook-Pro.local","msg":"❌ [API] LOGIN FAILED USER NOT EXIST did not run as expected!"}
{"level":50,"time":1675670497565,"pid":95510,"hostname":"Aidans-MacBook-Pro.local","msg":"❌ [API] LOGIN 2 did not run as expected!"}
{"level":50,"time":1675670517499,"pid":95558,"hostname":"Aidans-MacBook-Pro.local","msg":"❌ [API] LOGIN 2 did not run as expected!"}
{"level":50,"time":1675670573286,"pid":95643,"hostname":"Aidans-MacBook-Pro.local","msg":"❌ [API] LOGIN 2 did not run as expected!"}
{"level":50,"time":1675670608401,"pid":95699,"hostname":"Aidans-MacBook-Pro.local","msg":"❌ [API] LOGIN 2 did not run as expected!"}
{"level":50,"time":1675670860422,"pid":95952,"hostname":"Aidans-MacBook-Pro.local","msg":"❌ [API] LOGIN FAILED did not run as expected!"}
{"level":50,"time":1675670874551,"pid":96001,"hostname":"Aidans-MacBook-Pro.local","msg":"❌ [API] LOGIN FAILED did not run as expected!"}
{"level":50,"time":1675670884588,"pid":96037,"hostname":"Aidans-MacBook-Pro.local","msg":"❌ [API] LOGIN FAILED did not run as expected!"}
{"level":50,"time":1675670911925,"pid":96081,"hostname":"Aidans-MacBook-Pro.local","msg":"❌ [API] LOGIN FAILED did not run as expected!"}
{"level":50,"time":1675671150905,"pid":96391,"hostname":"Aidans-MacBook-Pro.local","msg":"❌ [API] LOGIN FAILED did not run as expected!"}
{"level":50,"time":1675671239126,"pid":96501,"hostname":"Aidans-MacBook-Pro.local","msg":"❌ [API] LOGIN FAILED did not run as expected!"}
{"level":50,"time":1675671288448,"pid":96573,"hostname":"Aidans-MacBook-Pro.local","msg":"❌ [API] LOGIN FAILED did not run as expected!"}
{"level":50,"time":1675671356206,"pid":96669,"hostname":"Aidans-MacBook-Pro.local","msg":"❌ [API] LOGIN FAILED did not run as expected!"}
{"level":50,"time":1675671701301,"pid":96990,"hostname":"Aidans-MacBook-Pro.local","msg":"❌ [API] LOGIN FAILED did not run as expected!"}
{"level":50,"time":1675671809781,"pid":97114,"hostname":"Aidans-MacBook-Pro.local","msg":"❌ [API] LOGIN FAILED did not run as expected!"}
{"level":50,"time":1675671838065,"pid":97161,"hostname":"Aidans-MacBook-Pro.local","msg":"❌ [API] LOGIN FAILED did not run as expected!"}
{"level":50,"time":1675671861989,"pid":97201,"hostname":"Aidans-MacBook-Pro.local","msg":"❌ [API] LOGIN FAILED did not run as expected!"}
{"level":50,"time":1675671875927,"pid":97241,"hostname":"Aidans-MacBook-Pro.local","msg":"❌ [API] LOGIN FAILED did not run as expected!"}
{"level":50,"time":1675671911076,"pid":97305,"hostname":"Aidans-MacBook-Pro.local","msg":"❌ [API] LOGIN FAILED did not run as expected!"}
{"level":50,"time":1675672000546,"pid":97474,"hostname":"Aidans-MacBook-Pro.local","msg":"❌ [API] LOGIN FAILED USER NOT EXIST did not run as expected!"}
